2022-02-25 17:14:29.418  INFO 16068 --- [restartedMain] c.java.MobileOtpIntegrationApplication   : Starting MobileOtpIntegrationApplication using Java 15.0.1 on DESKTOP-86DQ7RJ with PID 16068 (D:\SODEXO INTEGRATION\MobileOTPIntegration\target\classes started by LENOVO in D:\SODEXO INTEGRATION\MobileOTPIntegration)
2022-02-25 17:14:29.418  INFO 16068 --- [restartedMain] c.java.MobileOtpIntegrationApplication   : No active profile set, falling back to default profiles: default
2022-02-25 17:14:29.591  INFO 16068 --- [restartedMain] trationDelegate$BeanPostProcessorChecker : Bean 'soapWebServiceConfig' of type [com.java.config.SoapWebServiceConfig$$EnhancerBySpringCGLIB$$663077e] is not eligible for getting processed by all BeanPostProcessors (for example: not eligible for auto-proxying)
2022-02-25 17:14:29.593  INFO 16068 --- [restartedMain] trationDelegate$BeanPostProcessorChecker : Bean 'org.springframework.ws.config.annotation.DelegatingWsConfiguration' of type [org.springframework.ws.config.annotation.DelegatingWsConfiguration$$EnhancerBySpringCGLIB$$ed29fb5d] is not eligible for getting processed by all BeanPostProcessors (for example: not eligible for auto-proxying)
2022-02-25 17:14:29.596  INFO 16068 --- [restartedMain] .w.s.a.s.AnnotationActionEndpointMapping : Supporting [WS-Addressing August 2004, WS-Addressing 1.0]
2022-02-25 17:14:29.645  INFO 16068 --- [restartedMain] o.s.b.w.embedded.tomcat.TomcatWebServer  : Tomcat initialized with port(s): 8080 (http)
2022-02-25 17:14:29.647  INFO 16068 --- [restartedMain] o.apache.catalina.core.StandardService   : Starting service [Tomcat]
2022-02-25 17:14:29.647  INFO 16068 --- [restartedMain] org.apache.catalina.core.StandardEngine  : Starting Servlet engine: [Apache Tomcat/9.0.56]
2022-02-25 17:14:29.681  INFO 16068 --- [restartedMain] o.a.c.c.C.[Tomcat].[localhost].[/]       : Initializing Spring embedded WebApplicationContext
2022-02-25 17:14:29.681  INFO 16068 --- [restartedMain] w.s.c.ServletWebServerApplicationContext : Root WebApplicationContext: initialization completed in 260 ms
2022-02-25 17:14:29.791  INFO 16068 --- [restartedMain] o.s.b.d.a.OptionalLiveReloadServer       : LiveReload server is running on port 35729
2022-02-25 17:14:29.801  INFO 16068 --- [restartedMain] o.s.b.w.embedded.tomcat.TomcatWebServer  : Tomcat started on port(s): 8080 (http) with context path ''
2022-02-25 17:14:29.810  INFO 16068 --- [restartedMain] c.java.MobileOtpIntegrationApplication   : Started MobileOtpIntegrationApplication in 0.432 seconds (JVM running for 209.829)
2022-02-25 17:14:29.814  INFO 16068 --- [restartedMain] .ConditionEvaluationDeltaLoggingListener : Condition evaluation unchanged
2022-02-25 17:14:29.818  INFO 16068 --- [restartedMain] com.java.service.OtpService              : APPLICATION STARTED
2022-02-25 17:15:14.337  INFO 6448 --- [restartedMain] c.java.MobileOtpIntegrationApplication   : Starting MobileOtpIntegrationApplication using Java 15.0.1 on DESKTOP-86DQ7RJ with PID 6448 (D:\SODEXO INTEGRATION\MobileOTPIntegration\target\classes started by LENOVO in D:\SODEXO INTEGRATION\MobileOTPIntegration)
2022-02-25 17:15:14.339  INFO 6448 --- [restartedMain] c.java.MobileOtpIntegrationApplication   : No active profile set, falling back to default profiles: default
2022-02-25 17:15:14.409  INFO 6448 --- [restartedMain] o.s.b.devtools.restart.ChangeableUrls    : The Class-Path manifest attribute in C:\Users\LENOVO\.m2\repository\org\glassfish\jaxb\jaxb-runtime\2.3.1\jaxb-runtime-2.3.1.jar referenced one or more files that do not exist: file:/C:/Users/LENOVO/.m2/repository/org/glassfish/jaxb/jaxb-runtime/2.3.1/jaxb-api-2.3.1.jar,file:/C:/Users/LENOVO/.m2/repository/org/glassfish/jaxb/jaxb-runtime/2.3.1/txw2-2.3.1.jar,file:/C:/Users/LENOVO/.m2/repository/org/glassfish/jaxb/jaxb-runtime/2.3.1/istack-commons-runtime-3.0.7.jar,file:/C:/Users/LENOVO/.m2/repository/org/glassfish/jaxb/jaxb-runtime/2.3.1/stax-ex-1.8.jar,file:/C:/Users/LENOVO/.m2/repository/org/glassfish/jaxb/jaxb-runtime/2.3.1/FastInfoset-1.2.15.jar,file:/C:/Users/LENOVO/.m2/repository/org/glassfish/jaxb/jaxb-runtime/2.3.1/javax.activation-api-1.2.0.jar
2022-02-25 17:15:14.410  INFO 6448 --- [restartedMain] .e.DevToolsPropertyDefaultsPostProcessor : Devtools property defaults active! Set 'spring.devtools.add-properties' to 'false' to disable
2022-02-25 17:15:14.411  INFO 6448 --- [restartedMain] .e.DevToolsPropertyDefaultsPostProcessor : For additional web related logging consider setting the 'logging.level.web' property to 'DEBUG'
2022-02-25 17:15:15.141  INFO 6448 --- [restartedMain] trationDelegate$BeanPostProcessorChecker : Bean 'soapWebServiceConfig' of type [com.java.config.SoapWebServiceConfig$$EnhancerBySpringCGLIB$$32d715aa] is not eligible for getting processed by all BeanPostProcessors (for example: not eligible for auto-proxying)
2022-02-25 17:15:15.142  INFO 6448 --- [restartedMain] trationDelegate$BeanPostProcessorChecker : Bean 'org.springframework.ws.config.annotation.DelegatingWsConfiguration' of type [org.springframework.ws.config.annotation.DelegatingWsConfiguration$$EnhancerBySpringCGLIB$$199e0989] is not eligible for getting processed by all BeanPostProcessors (for example: not eligible for auto-proxying)
2022-02-25 17:15:15.182  INFO 6448 --- [restartedMain] .w.s.a.s.AnnotationActionEndpointMapping : Supporting [WS-Addressing August 2004, WS-Addressing 1.0]
2022-02-25 17:15:15.512  INFO 6448 --- [restartedMain] o.s.b.w.embedded.tomcat.TomcatWebServer  : Tomcat initialized with port(s): 8080 (http)
2022-02-25 17:15:15.523  INFO 6448 --- [restartedMain] o.apache.catalina.core.StandardService   : Starting service [Tomcat]
2022-02-25 17:15:15.524  INFO 6448 --- [restartedMain] org.apache.catalina.core.StandardEngine  : Starting Servlet engine: [Apache Tomcat/9.0.56]
2022-02-25 17:15:15.620  INFO 6448 --- [restartedMain] o.a.c.c.C.[Tomcat].[localhost].[/]       : Initializing Spring embedded WebApplicationContext
2022-02-25 17:15:15.620  INFO 6448 --- [restartedMain] w.s.c.ServletWebServerApplicationContext : Root WebApplicationContext: initialization completed in 1208 ms
2022-02-25 17:15:16.098  WARN 6448 --- [restartedMain] o.s.b.d.a.OptionalLiveReloadServer       : Unable to start LiveReload server
2022-02-25 17:15:16.119  WARN 6448 --- [restartedMain] ConfigServletWebServerApplicationContext : Exception encountered during context initialization - cancelling refresh attempt: org.springframework.context.ApplicationContextException: Failed to start bean 'webServerStartStop'; nested exception is org.springframework.boot.web.server.PortInUseException: Port 8080 is already in use
2022-02-25 17:15:16.124  INFO 6448 --- [restartedMain] o.apache.catalina.core.StandardService   : Stopping service [Tomcat]
2022-02-25 17:15:16.139  INFO 6448 --- [restartedMain] ConditionEvaluationReportLoggingListener : 

Error starting ApplicationContext. To display the conditions report re-run your application with 'debug' enabled.
2022-02-25 17:15:16.159 ERROR 6448 --- [restartedMain] o.s.b.d.LoggingFailureAnalysisReporter   : 

***************************
APPLICATION FAILED TO START
***************************

Description:

Web server failed to start. Port 8080 was already in use.

Action:

Identify and stop the process that's listening on port 8080 or configure this application to listen on another port.

2022-02-25 17:15:26.872  INFO 16068 --- [RMI TCP Connection(14)-127.0.0.1] inMXBeanRegistrar$SpringApplicationAdmin : Application shutdown requested.
2022-02-25 17:15:42.567  INFO 5424 --- [restartedMain] c.java.MobileOtpIntegrationApplication   : Starting MobileOtpIntegrationApplication using Java 15.0.1 on DESKTOP-86DQ7RJ with PID 5424 (D:\SODEXO INTEGRATION\MobileOTPIntegration\target\classes started by LENOVO in D:\SODEXO INTEGRATION\MobileOTPIntegration)
2022-02-25 17:15:42.569  INFO 5424 --- [restartedMain] c.java.MobileOtpIntegrationApplication   : No active profile set, falling back to default profiles: default
2022-02-25 17:15:42.632  INFO 5424 --- [restartedMain] o.s.b.devtools.restart.ChangeableUrls    : The Class-Path manifest attribute in C:\Users\LENOVO\.m2\repository\org\glassfish\jaxb\jaxb-runtime\2.3.1\jaxb-runtime-2.3.1.jar referenced one or more files that do not exist: file:/C:/Users/LENOVO/.m2/repository/org/glassfish/jaxb/jaxb-runtime/2.3.1/jaxb-api-2.3.1.jar,file:/C:/Users/LENOVO/.m2/repository/org/glassfish/jaxb/jaxb-runtime/2.3.1/txw2-2.3.1.jar,file:/C:/Users/LENOVO/.m2/repository/org/glassfish/jaxb/jaxb-runtime/2.3.1/istack-commons-runtime-3.0.7.jar,file:/C:/Users/LENOVO/.m2/repository/org/glassfish/jaxb/jaxb-runtime/2.3.1/stax-ex-1.8.jar,file:/C:/Users/LENOVO/.m2/repository/org/glassfish/jaxb/jaxb-runtime/2.3.1/FastInfoset-1.2.15.jar,file:/C:/Users/LENOVO/.m2/repository/org/glassfish/jaxb/jaxb-runtime/2.3.1/javax.activation-api-1.2.0.jar
2022-02-25 17:15:42.633  INFO 5424 --- [restartedMain] .e.DevToolsPropertyDefaultsPostProcessor : Devtools property defaults active! Set 'spring.devtools.add-properties' to 'false' to disable
2022-02-25 17:15:42.633  INFO 5424 --- [restartedMain] .e.DevToolsPropertyDefaultsPostProcessor : For additional web related logging consider setting the 'logging.level.web' property to 'DEBUG'
2022-02-25 17:15:43.429  INFO 5424 --- [restartedMain] trationDelegate$BeanPostProcessorChecker : Bean 'soapWebServiceConfig' of type [com.java.config.SoapWebServiceConfig$$EnhancerBySpringCGLIB$$b13fa540] is not eligible for getting processed by all BeanPostProcessors (for example: not eligible for auto-proxying)
2022-02-25 17:15:43.431  INFO 5424 --- [restartedMain] trationDelegate$BeanPostProcessorChecker : Bean 'org.springframework.ws.config.annotation.DelegatingWsConfiguration' of type [org.springframework.ws.config.annotation.DelegatingWsConfiguration$$EnhancerBySpringCGLIB$$9806991f] is not eligible for getting processed by all BeanPostProcessors (for example: not eligible for auto-proxying)
2022-02-25 17:15:43.472  INFO 5424 --- [restartedMain] .w.s.a.s.AnnotationActionEndpointMapping : Supporting [WS-Addressing August 2004, WS-Addressing 1.0]
2022-02-25 17:15:43.816  INFO 5424 --- [restartedMain] o.s.b.w.embedded.tomcat.TomcatWebServer  : Tomcat initialized with port(s): 8080 (http)
2022-02-25 17:15:43.835  INFO 5424 --- [restartedMain] o.apache.catalina.core.StandardService   : Starting service [Tomcat]
2022-02-25 17:15:43.836  INFO 5424 --- [restartedMain] org.apache.catalina.core.StandardEngine  : Starting Servlet engine: [Apache Tomcat/9.0.56]
2022-02-25 17:15:43.940  INFO 5424 --- [restartedMain] o.a.c.c.C.[Tomcat].[localhost].[/]       : Initializing Spring embedded WebApplicationContext
2022-02-25 17:15:43.940  INFO 5424 --- [restartedMain] w.s.c.ServletWebServerApplicationContext : Root WebApplicationContext: initialization completed in 1306 ms
2022-02-25 17:15:44.437  INFO 5424 --- [restartedMain] o.s.b.d.a.OptionalLiveReloadServer       : LiveReload server is running on port 35729
2022-02-25 17:15:44.475  INFO 5424 --- [restartedMain] o.s.b.w.embedded.tomcat.TomcatWebServer  : Tomcat started on port(s): 8080 (http) with context path ''
2022-02-25 17:15:44.487  INFO 5424 --- [restartedMain] c.java.MobileOtpIntegrationApplication   : Started MobileOtpIntegrationApplication in 2.413 seconds (JVM running for 3.452)
2022-02-25 17:15:44.492  INFO 5424 --- [restartedMain] com.java.service.OtpService              : APPLICATION STARTED
2022-02-25 17:30:26.774  INFO 5424 --- [http-nio-8080-exec-2] o.a.c.c.C.[Tomcat].[localhost].[/]       : Initializing Spring MessageDispatcherServlet 'messageDispatcherServlet'
2022-02-25 17:30:26.775  INFO 5424 --- [http-nio-8080-exec-2] o.s.w.t.http.MessageDispatcherServlet    : Initializing Servlet 'messageDispatcherServlet'
2022-02-25 17:30:26.783  INFO 5424 --- [http-nio-8080-exec-2] o.s.ws.soap.saaj.SaajSoapMessageFactory  : Creating SAAJ 1.3 MessageFactory with SOAP 1.1 Protocol
2022-02-25 17:30:26.811  INFO 5424 --- [http-nio-8080-exec-2] o.s.w.t.http.MessageDispatcherServlet    : Completed initialization in 35 ms
2022-02-25 17:30:27.078  INFO 5424 --- [http-nio-8080-exec-2] com.java.service.OtpService              : Inside Submit OTP API 
2022-02-25 17:31:10.993  INFO 5424 --- [restartedMain] c.java.MobileOtpIntegrationApplication   : Starting MobileOtpIntegrationApplication using Java 15.0.1 on DESKTOP-86DQ7RJ with PID 5424 (D:\SODEXO INTEGRATION\MobileOTPIntegration\target\classes started by LENOVO in D:\SODEXO INTEGRATION\MobileOTPIntegration)
2022-02-25 17:31:10.994  INFO 5424 --- [restartedMain] c.java.MobileOtpIntegrationApplication   : No active profile set, falling back to default profiles: default
2022-02-25 17:31:11.185  INFO 5424 --- [restartedMain] trationDelegate$BeanPostProcessorChecker : Bean 'soapWebServiceConfig' of type [com.java.config.SoapWebServiceConfig$$EnhancerBySpringCGLIB$$b13fa540] is not eligible for getting processed by all BeanPostProcessors (for example: not eligible for auto-proxying)
2022-02-25 17:31:11.186  INFO 5424 --- [restartedMain] trationDelegate$BeanPostProcessorChecker : Bean 'org.springframework.ws.config.annotation.DelegatingWsConfiguration' of type [org.springframework.ws.config.annotation.DelegatingWsConfiguration$$EnhancerBySpringCGLIB$$9806991f] is not eligible for getting processed by all BeanPostProcessors (for example: not eligible for auto-proxying)
2022-02-25 17:31:11.188  INFO 5424 --- [restartedMain] .w.s.a.s.AnnotationActionEndpointMapping : Supporting [WS-Addressing August 2004, WS-Addressing 1.0]
2022-02-25 17:31:11.225  INFO 5424 --- [restartedMain] o.s.b.w.embedded.tomcat.TomcatWebServer  : Tomcat initialized with port(s): 8080 (http)
2022-02-25 17:31:11.226  INFO 5424 --- [restartedMain] o.apache.catalina.core.StandardService   : Starting service [Tomcat]
2022-02-25 17:31:11.226  INFO 5424 --- [restartedMain] org.apache.catalina.core.StandardEngine  : Starting Servlet engine: [Apache Tomcat/9.0.56]
2022-02-25 17:31:11.255  INFO 5424 --- [restartedMain] o.a.c.c.C.[Tomcat].[localhost].[/]       : Initializing Spring embedded WebApplicationContext
2022-02-25 17:31:11.256  INFO 5424 --- [restartedMain] w.s.c.ServletWebServerApplicationContext : Root WebApplicationContext: initialization completed in 260 ms
2022-02-25 17:31:11.370  INFO 5424 --- [restartedMain] o.s.b.d.a.OptionalLiveReloadServer       : LiveReload server is running on port 35729
2022-02-25 17:31:11.385  INFO 5424 --- [restartedMain] o.s.b.w.embedded.tomcat.TomcatWebServer  : Tomcat started on port(s): 8080 (http) with context path ''
2022-02-25 17:31:11.410  INFO 5424 --- [restartedMain] c.java.MobileOtpIntegrationApplication   : Started MobileOtpIntegrationApplication in 0.458 seconds (JVM running for 930.374)
2022-02-25 17:31:11.417  INFO 5424 --- [restartedMain] .ConditionEvaluationDeltaLoggingListener : Condition evaluation unchanged
2022-02-25 17:31:11.417  INFO 5424 --- [restartedMain] com.java.service.OtpService              : APPLICATION STARTED
2022-02-25 17:32:23.298  INFO 5424 --- [restartedMain] c.java.MobileOtpIntegrationApplication   : Starting MobileOtpIntegrationApplication using Java 15.0.1 on DESKTOP-86DQ7RJ with PID 5424 (D:\SODEXO INTEGRATION\MobileOTPIntegration\target\classes started by LENOVO in D:\SODEXO INTEGRATION\MobileOTPIntegration)
2022-02-25 17:32:23.299  INFO 5424 --- [restartedMain] c.java.MobileOtpIntegrationApplication   : No active profile set, falling back to default profiles: default
2022-02-25 17:32:23.489  INFO 5424 --- [restartedMain] trationDelegate$BeanPostProcessorChecker : Bean 'soapWebServiceConfig' of type [com.java.config.SoapWebServiceConfig$$EnhancerBySpringCGLIB$$b13fa540] is not eligible for getting processed by all BeanPostProcessors (for example: not eligible for auto-proxying)
2022-02-25 17:32:23.489  INFO 5424 --- [restartedMain] trationDelegate$BeanPostProcessorChecker : Bean 'org.springframework.ws.config.annotation.DelegatingWsConfiguration' of type [org.springframework.ws.config.annotation.DelegatingWsConfiguration$$EnhancerBySpringCGLIB$$9806991f] is not eligible for getting processed by all BeanPostProcessors (for example: not eligible for auto-proxying)
2022-02-25 17:32:23.491  INFO 5424 --- [restartedMain] .w.s.a.s.AnnotationActionEndpointMapping : Supporting [WS-Addressing August 2004, WS-Addressing 1.0]
2022-02-25 17:32:23.534  INFO 5424 --- [restartedMain] o.s.b.w.embedded.tomcat.TomcatWebServer  : Tomcat initialized with port(s): 8080 (http)
2022-02-25 17:32:23.535  INFO 5424 --- [restartedMain] o.apache.catalina.core.StandardService   : Starting service [Tomcat]
2022-02-25 17:32:23.535  INFO 5424 --- [restartedMain] org.apache.catalina.core.StandardEngine  : Starting Servlet engine: [Apache Tomcat/9.0.56]
2022-02-25 17:32:23.570  INFO 5424 --- [restartedMain] o.a.c.c.C.[Tomcat].[localhost].[/]       : Initializing Spring embedded WebApplicationContext
2022-02-25 17:32:23.571  INFO 5424 --- [restartedMain] w.s.c.ServletWebServerApplicationContext : Root WebApplicationContext: initialization completed in 267 ms
2022-02-25 17:32:23.676  INFO 5424 --- [restartedMain] o.s.b.d.a.OptionalLiveReloadServer       : LiveReload server is running on port 35729
2022-02-25 17:32:23.684  INFO 5424 --- [restartedMain] o.s.b.w.embedded.tomcat.TomcatWebServer  : Tomcat started on port(s): 8080 (http) with context path ''
2022-02-25 17:32:23.689  INFO 5424 --- [restartedMain] c.java.MobileOtpIntegrationApplication   : Started MobileOtpIntegrationApplication in 0.456 seconds (JVM running for 1002.653)
2022-02-25 17:32:23.692  INFO 5424 --- [restartedMain] .ConditionEvaluationDeltaLoggingListener : Condition evaluation unchanged
2022-02-25 17:32:23.692  INFO 5424 --- [restartedMain] com.java.service.OtpService              : APPLICATION STARTED
2022-02-25 17:32:57.460  INFO 5424 --- [http-nio-8080-exec-2] o.a.c.c.C.[Tomcat].[localhost].[/]       : Initializing Spring MessageDispatcherServlet 'messageDispatcherServlet'
2022-02-25 17:32:57.460  INFO 5424 --- [http-nio-8080-exec-2] o.s.w.t.http.MessageDispatcherServlet    : Initializing Servlet 'messageDispatcherServlet'
2022-02-25 17:32:57.461  INFO 5424 --- [http-nio-8080-exec-2] o.s.ws.soap.saaj.SaajSoapMessageFactory  : Creating SAAJ 1.3 MessageFactory with SOAP 1.1 Protocol
2022-02-25 17:32:57.463  INFO 5424 --- [http-nio-8080-exec-2] o.s.w.t.http.MessageDispatcherServlet    : Completed initialization in 2 ms
2022-02-25 17:32:57.469  INFO 5424 --- [http-nio-8080-exec-2] com.java.service.OtpService              : Inside Create Transaction API 
